<?xml version="1.0" encoding="UTF-8"?>
<coverage generated="1547392591977" clover="3.2.0">
  <project timestamp="1547392591977" name="All files">
    <metrics statements="21" coveredstatements="4" conditionals="11" coveredconditionals="1" methods="9" coveredmethods="2" elements="41" coveredelements="7" complexity="0" loc="21" ncloc="21" packages="1" files="2" classes="2">
      <file name="Carousel.js" path="/Users/ivan/Documents/development/FrontendMasters/ReactPath/PetFinder/src/Carousel.js">
        <metrics statements="8" coveredstatements="0" conditionals="7" coveredconditionals="0" methods="5" coveredmethods="0"/>
        <line num="10" count="0" type="stmt"/>
        <line num="12" count="0" type="cond" truecount="0" falsecount="5"/>
        <line num="13" count="0" type="stmt"/>
        <line num="16" count="0" type="stmt"/>
        <line num="20" count="0" type="stmt"/>
        <line num="25" count="0" type="stmt"/>
        <line num="27" count="0" type="stmt"/>
        <line num="32" count="0" type="stmt"/>
      </file>
      <file name="Details.js" path="/Users/ivan/Documents/development/FrontendMasters/ReactPath/PetFinder/src/Details.js">
        <metrics statements="13" coveredstatements="4" conditionals="4" coveredconditionals="1" methods="4" coveredmethods="2"/>
        <line num="6" count="1" type="stmt"/>
        <line num="18" count="1" type="stmt"/>
        <line num="24" count="0" type="stmt"/>
        <line num="26" count="0" type="cond" truecount="0" falsecount="2"/>
        <line num="27" count="0" type="stmt"/>
        <line num="29" count="0" type="stmt"/>
        <line num="31" count="0" type="stmt"/>
        <line num="42" count="0" type="stmt"/>
        <line num="43" count="0" type="stmt"/>
        <line num="48" count="1" type="cond" truecount="1" falsecount="1"/>
        <line num="49" count="1" type="stmt"/>
        <line num="52" count="0" type="stmt"/>
        <line num="54" count="0" type="stmt"/>
      </file>
    </metrics>
  </project>
</coverage>
