{"/Users/ivan/Documents/development/FrontendMasters/ReactPath/PetFinder/src/Carousel.js": {"path":"/Users/ivan/Documents/development/FrontendMasters/ReactPath/PetFinder/src/Carousel.js","statementMap":{"0":{"start":{"line":10,"column":17},"end":{"line":10,"column":19}},"1":{"start":{"line":12,"column":4},"end":{"line":14,"column":5}},"2":{"start":{"line":13,"column":6},"end":{"line":13,"column":75}},"3":{"start":{"line":13,"column":50},"end":{"line":13,"column":73}},"4":{"start":{"line":16,"column":4},"end":{"line":16,"column":22}},"5":{"start":{"line":20,"column":4},"end":{"line":20,"column":59}},"6":{"start":{"line":25,"column":31},"end":{"line":25,"column":41}},"7":{"start":{"line":27,"column":4},"end":{"line":46,"column":6}},"8":{"start":{"line":32,"column":12},"end":{"line":42,"column":14}}},"fnMap":{"0":{"name":"(anonymous_0)","decl":{"start":{"line":9,"column":2},"end":{"line":9,"column":3}},"loc":{"start":{"line":9,"column":45},"end":{"line":17,"column":3}},"line":9},"1":{"name":"(anonymous_1)","decl":{"start":{"line":13,"column":41},"end":{"line":13,"column":42}},"loc":{"start":{"line":13,"column":50},"end":{"line":13,"column":73}},"line":13},"2":{"name":"(anonymous_2)","decl":{"start":{"line":19,"column":21},"end":{"line":19,"column":22}},"loc":{"start":{"line":19,"column":30},"end":{"line":21,"column":3}},"line":19},"3":{"name":"(anonymous_3)","decl":{"start":{"line":24,"column":2},"end":{"line":24,"column":3}},"loc":{"start":{"line":24,"column":11},"end":{"line":47,"column":3}},"line":24},"4":{"name":"(anonymous_4)","decl":{"start":{"line":31,"column":22},"end":{"line":31,"column":23}},"loc":{"start":{"line":31,"column":40},"end":{"line":43,"column":11}},"line":31}},"branchMap":{"0":{"loc":{"start":{"line":12,"column":4},"end":{"line":14,"column":5}},"type":"if","locations":[{"start":{"line":12,"column":4},"end":{"line":14,"column":5}},{"start":{"line":12,"column":4},"end":{"line":14,"column":5}}],"line":12},"1":{"loc":{"start":{"line":12,"column":8},"end":{"line":12,"column":51}},"type":"binary-expr","locations":[{"start":{"line":12,"column":8},"end":{"line":12,"column":13}},{"start":{"line":12,"column":17},"end":{"line":12,"column":29}},{"start":{"line":12,"column":33},"end":{"line":12,"column":51}}],"line":12},"2":{"loc":{"start":{"line":39,"column":27},"end":{"line":39,"column":59}},"type":"cond-expr","locations":[{"start":{"line":39,"column":46},"end":{"line":39,"column":54}},{"start":{"line":39,"column":57},"end":{"line":39,"column":59}}],"line":39}},"s":{"0":0,"1":0,"2":0,"3":0,"4":0,"5":0,"6":0,"7":0,"8":0},"f":{"0":0,"1":0,"2":0,"3":0,"4":0},"b":{"0":[0,0],"1":[0,0,0],"2":[0,0]},"_coverageSchema":"332fd63041d2c1bcb487cc26dd0d5f7d97098a6c","hash":"f35e294d930e313e802bc735b244705a35440884"}
,"/Users/ivan/Documents/development/FrontendMasters/ReactPath/PetFinder/src/Details.js": {"path":"/Users/ivan/Documents/development/FrontendMasters/ReactPath/PetFinder/src/Details.js","statementMap":{"0":{"start":{"line":6,"column":18},"end":{"line":9,"column":2}},"1":{"start":{"line":18,"column":4},"end":{"line":44,"column":9}},"2":{"start":{"line":24,"column":20},"end":{"line":24,"column":38}},"3":{"start":{"line":26,"column":8},"end":{"line":30,"column":9}},"4":{"start":{"line":27,"column":10},"end":{"line":27,"column":46}},"5":{"start":{"line":29,"column":10},"end":{"line":29,"column":35}},"6":{"start":{"line":31,"column":8},"end":{"line":39,"column":11}},"7":{"start":{"line":42,"column":8},"end":{"line":42,"column":33}},"8":{"start":{"line":43,"column":8},"end":{"line":43,"column":22}},"9":{"start":{"line":48,"column":4},"end":{"line":50,"column":5}},"10":{"start":{"line":49,"column":6},"end":{"line":49,"column":33}},"11":{"start":{"line":52,"column":66},"end":{"line":52,"column":76}},"12":{"start":{"line":54,"column":4},"end":{"line":65,"column":6}}},"fnMap":{"0":{"name":"(anonymous_0)","decl":{"start":{"line":17,"column":2},"end":{"line":17,"column":3}},"loc":{"start":{"line":17,"column":22},"end":{"line":45,"column":3}},"line":17},"1":{"name":"(anonymous_1)","decl":{"start":{"line":23,"column":12},"end":{"line":23,"column":13}},"loc":{"start":{"line":23,"column":20},"end":{"line":40,"column":7}},"line":23},"2":{"name":"(anonymous_2)","decl":{"start":{"line":41,"column":13},"end":{"line":41,"column":14}},"loc":{"start":{"line":41,"column":22},"end":{"line":44,"column":7}},"line":41},"3":{"name":"(anonymous_3)","decl":{"start":{"line":47,"column":2},"end":{"line":47,"column":3}},"loc":{"start":{"line":47,"column":11},"end":{"line":66,"column":3}},"line":47}},"branchMap":{"0":{"loc":{"start":{"line":26,"column":8},"end":{"line":30,"column":9}},"type":"if","locations":[{"start":{"line":26,"column":8},"end":{"line":30,"column":9}},{"start":{"line":26,"column":8},"end":{"line":30,"column":9}}],"line":26},"1":{"loc":{"start":{"line":48,"column":4},"end":{"line":50,"column":5}},"type":"if","locations":[{"start":{"line":48,"column":4},"end":{"line":50,"column":5}},{"start":{"line":48,"column":4},"end":{"line":50,"column":5}}],"line":48}},"s":{"0":1,"1":1,"2":0,"3":0,"4":0,"5":0,"6":0,"7":0,"8":0,"9":1,"10":1,"11":0,"12":0},"f":{"0":1,"1":0,"2":0,"3":1},"b":{"0":[0,0],"1":[1,0]},"_coverageSchema":"332fd63041d2c1bcb487cc26dd0d5f7d97098a6c","hash":"adaff24d567f1cc4c04124d036d8d1403bcb8596"}
}
