TN:
SF:/Users/ivan/Documents/development/FrontendMasters/ReactPath/PetFinder/src/Carousel.js
FN:9,(anonymous_0)
FN:13,(anonymous_1)
FN:19,(anonymous_2)
FN:24,(anonymous_3)
FN:31,(anonymous_4)
FNF:5
FNH:0
FNDA:0,(anonymous_0)
FNDA:0,(anonymous_1)
FNDA:0,(anonymous_2)
FNDA:0,(anonymous_3)
FNDA:0,(anonymous_4)
DA:10,0
DA:12,0
DA:13,0
DA:16,0
DA:20,0
DA:25,0
DA:27,0
DA:32,0
LF:8
LH:0
BRDA:12,0,0,0
BRDA:12,0,1,0
BRDA:12,1,0,0
BRDA:12,1,1,0
BRDA:12,1,2,0
BRDA:39,2,0,0
BRDA:39,2,1,0
BRF:7
BRH:0
end_of_record
TN:
SF:/Users/ivan/Documents/development/FrontendMasters/ReactPath/PetFinder/src/Details.js
FN:17,(anonymous_0)
FN:23,(anonymous_1)
FN:41,(anonymous_2)
FN:47,(anonymous_3)
FNF:4
FNH:2
FNDA:1,(anonymous_0)
FNDA:0,(anonymous_1)
FNDA:0,(anonymous_2)
FNDA:1,(anonymous_3)
DA:6,1
DA:18,1
DA:24,0
DA:26,0
DA:27,0
DA:29,0
DA:31,0
DA:42,0
DA:43,0
DA:48,1
DA:49,1
DA:52,0
DA:54,0
LF:13
LH:4
BRDA:26,0,0,0
BRDA:26,0,1,0
BRDA:48,1,0,1
BRDA:48,1,1,0
BRF:4
BRH:1
end_of_record
